"../../../Engine/Content/Animation/DefaultAnimCurveCompressionSettings.uasset" 0
"../../../Engine/Content/Functions/Engine_MaterialFunctions01/Opacity/CameraDepthFade.uasset" 1
"../../../Engine/Content/EngineMaterials/T_Default_Material_Grid_M.uasset" 2
"../../../Engine/Content/EngineMaterials/T_Default_Material_Grid_N.uasset" 3
"../../../Engine/Content/EngineMaterials/WorldGridMaterial.uasset" 4
"../../../Engine/Content/ArtTools/RenderToTexture/Meshes/S_1_Unit_Plane.uasset" 5
"../../../Engine/Content/EngineMaterials/DefaultMaterial.uasset" 6
"../../../Engine/Content/BasicShapes/Cone.uasset" 7
"../../../Engine/Content/BasicShapes/Sphere.uasset" 8
"../../../Engine/Content/EditorLandscapeResources/DataLayer.uasset" 9
"../../../Engine/Content/EditorMaterials/MAT_Groups_Toggle.uasset" 10
"../../../Engine/Content/EditorMaterials/MAT_Groups_Visibility.uasset" 11
"../../../Engine/Content/EditorMaterials/PreviewShadowIndicator.uasset" 12
"../../../Engine/Content/EditorMaterials/PreviewShadowIndicatorMaterial.uasset" 13
"../../../Engine/Content/EditorMaterials/MatineeGroups/MAT_ColorTrack.uasset" 14
"../../../Engine/Content/EditorMaterials/MatineeGroups/MAT_Groups_Anim.uasset" 15
"../../../Engine/Content/EditorMaterials/MatineeGroups/MAT_Groups_AudioMaster.uasset" 16
"../../../Engine/Content/EditorMaterials/MatineeGroups/MAT_Groups_Director.uasset" 17
"../../../Engine/Content/EditorMaterials/MatineeGroups/MAT_Groups_Event.uasset" 18
"../../../Engine/Content/EditorMaterials/MatineeGroups/MAT_Groups_Fade.uasset" 19
"../../../Engine/Content/EditorMaterials/MatineeGroups/MAT_Groups_Float.uasset" 20
"../../../Engine/Content/EditorMaterials/MatineeGroups/MAT_Groups_Move.uasset" 21
"../../../Engine/Content/EditorMaterials/MatineeGroups/MAT_Groups_Slomo.uasset" 22
"../../../Engine/Content/EditorMaterials/MatineeGroups/MAT_Groups_Sound.uasset" 23
"../../../Engine/Content/EditorMaterials/MatineeGroups/MAT_Groups_Vector.uasset" 24
"../../../Engine/Content/EditorMaterials/ParticleSystems/PSysThumbnail_NoImage.uasset" 25
"../../../Engine/Content/EditorMaterials/ParticleSystems/PSysThumbnail_OOD.uasset" 26
"../../../Engine/Content/EditorMaterials/Camera/CineMat.uasset" 27
"../../../Engine/Content/EditorMaterials/Camera/MI_CineMat_Rig.uasset" 28
"../../../Engine/Content/EditorMeshes/Camera/SM_CraneRig_Arm.uasset" 29
"../../../Engine/Content/EditorMeshes/Camera/SM_CraneRig_Base.uasset" 30
"../../../Engine/Content/EditorMeshes/Camera/SM_CraneRig_Body.uasset" 31
"../../../Engine/Content/EditorMeshes/Camera/SM_CraneRig_Mount.uasset" 32
"../../../Engine/Content/EditorMeshes/Camera/SM_RailRig_Mount.uasset" 33
"../../../Engine/Content/EditorMeshes/Camera/SM_RailRig_Track.uasset" 34
"../../../Engine/Content/EditorResources/BSPVertex.uasset" 35
"../../../Engine/Content/EditorResources/EmptyActor.uasset" 36
"../../../Engine/Content/EditorResources/S_Actor.uasset" 37
"../../../Engine/Content/EditorResources/S_Note.uasset" 38
"../../../Engine/Content/EditorResources/S_Solver.uasset" 39
"../../../Engine/Content/EditorResources/S_Trigger.uasset" 40
"../../../Engine/Content/EditorResources/SequenceRecorder/Countdown.uasset" 41
"../../../Engine/Content/EditorResources/SequenceRecorder/RecordingIndicator.uasset" 42
"../../../Engine/Content/EditorSounds/Notifications/CompileFailed.uasset" 43
"../../../Engine/Content/EditorSounds/Notifications/CompileFailed_Cue.uasset" 44
"../../../Engine/Content/EditorSounds/Notifications/CompileSuccess.uasset" 45
"../../../Engine/Content/EditorSounds/Notifications/CompileStart_Cue.uasset" 46
"../../../Engine/Content/EditorSounds/Notifications/CompileSuccess_Cue.uasset" 47
"../../../Engine/Content/EngineDamageTypes/DmgTypeBP_Environmental.uasset" 48
"../../../Engine/Content/EngineDebugMaterials/DebugEditorMaterial.uasset" 49
"../../../Engine/Content/EngineDebugMaterials/DebugMeshMaterial.uasset" 50
"../../../Engine/Content/EngineDebugMaterials/M_SimpleTranslucent.uasset" 51
"../../../Engine/Content/Functions/Engine_MaterialFunctions02/Utility/CameraDirectionVector.uasset" 52
"../../../Engine/Content/EngineDebugMaterials/VolumeToRender.uasset" 53
"../../../Engine/Content/EngineDebugMaterials/M_VolumeRenderSphereTracePP.uasset" 54
"../../../Engine/Content/EngineDebugMaterials/WireframeMaterial.uasset" 55
"../../../Engine/Content/EngineFonts/Faces/DroidSansFallback.uasset" 56
"../../../Engine/Content/EngineFonts/Faces/RobotoBold.uasset" 57
"../../../Engine/Content/EngineFonts/Faces/RobotoBoldItalic.uasset" 58
"../../../Engine/Content/EngineFonts/Faces/RobotoItalic.uasset" 59
"../../../Engine/Content/EngineFonts/Faces/RobotoLight.uasset" 60
"../../../Engine/Content/EngineFonts/Faces/RobotoRegular.uasset" 61
"../../../Engine/Content/EngineFonts/Roboto.uasset" 62
"../../../Engine/Content/EngineMaterials/BaseFlattenDiffuseMap.uasset" 63
"../../../Engine/Content/EngineMaterials/BaseFlattenEmissiveMap.uasset" 64
"../../../Engine/Content/EngineMaterials/BaseFlattenGrayscaleMap.uasset" 65
"../../../Engine/Content/EngineMaterials/BaseFlattenNormalMap.uasset" 66
"../../../Engine/Content/EngineMaterials/BaseFlattenMaterial.uasset" 67
"../../../Engine/Content/EngineMaterials/BlueNoise.uasset" 68
"../../../Engine/Content/EngineMaterials/DefaultBloomKernel.uasset" 69
"../../../Engine/Content/EngineMaterials/DefaultBokeh.uasset" 70
"../../../Engine/Content/EngineMaterials/DefaultDiffuse.uasset" 71
"../../../Engine/Content/EngineMaterials/DefaultDeferredDecalMaterial.uasset" 72
"../../../Engine/Content/EngineMaterials/DefaultLightFunctionMaterial.uasset" 73
"../../../Engine/Content/EngineMaterials/DefaultPhysicalMaterial.uasset" 74
"../../../Engine/Content/Functions/Engine_MaterialFunctions02/Utility/BreakOutFloat2Components.uasset" 75
"../../../Engine/Content/EngineMaterials/DefaultPostProcessMaterial.uasset" 76
"../../../Engine/Content/EngineFonts/RobotoDistanceField.uasset" 77
"../../../Engine/Content/EngineMaterials/DefaultTextMaterialOpaque.uasset" 78
"../../../Engine/Content/EngineMaterials/DefaultVirtualTextureMaterial.uasset" 79
"../../../Engine/Content/EngineMaterials/DefaultWhiteGrid.uasset" 80
"../../../Engine/Content/EngineMaterials/DefaultWhiteGrid_Low.uasset" 81
"../../../Engine/Content/EngineMaterials/EmissiveMeshMaterial.uasset" 82
"../../../Engine/Content/EngineMaterials/GizmoMaterial.uasset" 83
"../../../Engine/Content/EngineMaterials/Good64x64TilingNoiseHighFreq.uasset" 84
"../../../Engine/Content/EngineMaterials/HairDefaultMaterial.uasset" 85
"../../../Engine/Content/EngineMaterials/MiniFont.uasset" 86
"../../../Engine/Content/EngineMaterials/InvalidLightmapSettings.uasset" 87
"../../../Engine/Content/EngineMaterials/M_InvalidLightmapSettings.uasset" 88
"../../../Engine/Content/Functions/Engine_MaterialFunctions02/WorldPositionOffset/CameraOffset.uasset" 89
"../../../Engine/Content/EngineMaterials/PhAT_JointLimitMaterial.uasset" 90
"../../../Engine/Content/EngineMaterials/PreintegratedSkinBRDF.uasset" 91
"../../../Engine/Content/EngineMaterials/RemoveSurfaceMaterial.uasset" 92
"../../../Engine/Content/EngineMaterials/WeightMapPlaceholderTexture.uasset" 93
"../../../Engine/Content/EngineResources/WhiteSquareTexture.uasset" 94
"../../../Engine/Content/EngineMaterials/Widget3DPassThrough.uasset" 95
"../../../Engine/Content/EngineMaterials/Widget3DPassThrough_Masked.uasset" 96
"../../../Engine/Content/EngineMaterials/Widget3DPassThrough_Opaque.uasset" 97
"../../../Engine/Content/EngineMaterials/Widget3DPassThrough_Masked_OneSided.uasset" 98
"../../../Engine/Content/EngineMaterials/Widget3DPassThrough_Opaque_OneSided.uasset" 99
"../../../Engine/Content/EngineMaterials/Widget3DPassThrough_Translucent.uasset" 100
"../../../Engine/Content/EngineMaterials/Widget3DPassThrough_Translucent_OneSided.uasset" 101
"../../../Engine/Content/EngineMeshes/Cylinder.uasset" 102
"../../../Engine/Content/EngineMeshes/Sphere.uasset" 103
"../../../Engine/Content/EngineResources/Black.uasset" 104
"../../../Engine/Content/EngineResources/DefaultTexture.uasset" 105
"../../../Engine/Content/EngineResources/DefaultTextureCube.uasset" 106
"../../../Engine/Content/EngineResources/DefaultVolumeTexture2D.uasset" 107
"../../../Engine/Content/EngineResources/DefaultVolumeTexture.uasset" 108
"../../../Engine/Content/EngineResources/GradientTexture0.uasset" 109
"../../../Engine/Content/EngineSounds/Master.uasset" 110
"../../../Engine/Content/Functions/Engine_MaterialFunctions01/Shading/ConvertFromDiffSpec.uasset" 111
"../../../Engine/Content/Functions/Engine_MaterialFunctions01/Shading/PowerToRoughness.uasset" 112
"../../../Engine/Content/Maps/Templates/Thumbnails/Default.uasset" 113
"../../../Engine/Content/Maps/Templates/Thumbnails/TimeOfDay.uasset" 114
"../../../Engine/Content/Maps/Templates/Thumbnails/VR-Basic.uasset" 115
"../../../Engine/Content/MobileResources/T_MobileControls_texture.uasset" 116
"../../../Engine/Content/MobileResources/T_MobileMenu2.uasset" 117
"../../../Engine/Content/MobileResources/HUD/AnalogHat.uasset" 118
"../../../Engine/Content/MobileResources/HUD/VirtualJoystick_Background.uasset" 119
"../../../Engine/Content/MobileResources/HUD/VirtualJoystick_Thumb.uasset" 120
"../../../Engine/Content/MobileResources/HUD/DefaultVirtualJoysticks.uasset" 121
"../../../Engine/Content/MobileResources/HUD/LeftVirtualJoystickOnly.uasset" 122
"../../../Engine/Content/MobileResources/HUD/MobileHUDButton1_off.uasset" 123
"../../../Engine/Content/MobileResources/HUD/MobileHUDButton1_on.uasset" 124
"../../../Engine/Content/MobileResources/HUD/MobileHUDButton2_off.uasset" 125
"../../../Engine/Content/MobileResources/HUD/MobileHUDButton2_on.uasset" 126
"../../../Engine/Content/MobileResources/HUD/MobileHUDButton3.uasset" 127
"../../../Engine/Content/MobileResources/HUD/MobileHUDButtonFire.uasset" 128
"../../../Engine/Content/MobileResources/HUD/MobileHUDDirectionPad.uasset" 129
"../../../Engine/Content/MobileResources/HUD/MobileHUDDirectionPad2.uasset" 130
"../../../Engine/Content/MobileResources/HUD/MobileHUDDirectionPad3.uasset" 131
"../../../Engine/Content/MobileResources/HUD/MobileHUDDirectionStick.uasset" 132
"../../../Engine/Content/MobileResources/HUD/T_Castle_ThumbstickInner.uasset" 133
"../../../Engine/Content/MobileResources/HUD/T_Castle_ThumbstickOutter.uasset" 134
"../../../Engine/Content/Tutorial/ContentIntroCurve.uasset" 135
"../../../Engine/Content/Tutorial/Basics/LevelEditorAttract.uasset" 136
"../../../Engine/Content/Tutorial/Basics/TutorialAssets/icon_tab_Levels_40x.uasset" 137
"../../../Engine/Content/Tutorial/Basics/LevelEditorOverview.uasset" 138
"../../../Engine/Content/Tutorial/Landscape/TutorialAssets/Landscape.uasset" 139
"../../../Engine/Content/Tutorial/Landscape/LandscapeWalkThrough.uasset" 140
"../../../Engine/Content/Tutorial/Landscape/Landscape_Manage_Mode.uasset" 141
"../../../Engine/Content/EditorBlueprintResources/StandardMacros.uasset" 142
"../../../Engine/Content/Tutorial/Landscape/Landscape_Painting_Mode.uasset" 143
"../../../Engine/Content/Tutorial/Landscape/Landscape_Sculpt_Mode.uasset" 144
"../../../Engine/Content/VREditor/LaserPointer/VR_LaserPower_01.uasset" 145
"../../../Engine/Content/VREditor/TransformGizmo/TransformGizmoMaterial.uasset" 146
"../../../Engine/Content/VREditor/TransformGizmo/TranslucentTransformGizmoMaterial.uasset" 147
"../../../Engine/Content/VREditor/TransformGizmo/BoundingBoxCorner.uasset" 148
"../../../Engine/Content/VREditor/TransformGizmo/BoundingBoxEdge.uasset" 149
"../../../Engine/Content/VREditor/TransformGizmo/PlaneTranslationHandle.uasset" 150
"../../../Engine/Content/VREditor/TransformGizmo/Main.uasset" 151
"../../../Engine/Content/VREditor/TransformGizmo/Xray.uasset" 152
"../../../Engine/Content/VREditor/TransformGizmo/SM_Sequencer_Key.uasset" 153
"../../../Engine/Content/VREditor/TransformGizmo/SM_Sequencer_Node.uasset" 154
"../../Plugins/2D/Paper2D/Content/PlaceholderTextures/DummySpriteTexture.uasset" 155
"../../Plugins/2D/Paper2D/Content/DummySprite.uasset" 156
"../../Plugins/2D/Paper2D/Content/DefaultPaperTerrainMaterial.uasset" 157
"../../Plugins/2D/Paper2D/Content/DummySpriteTexture.uasset" 158
"../../Plugins/2D/Paper2D/Content/DefaultSpriteMaterial.uasset" 159
"../../Plugins/2D/Paper2D/Content/MaskedUnlitSpriteMaterial.uasset" 160
"../../Plugins/2D/Paper2D/Content/OpaqueUnlitSpriteMaterial.uasset" 161
"../../../Engine/Content/Functions/Engine_MaterialFunctions02/Utility/BreakOutFloat4Components.uasset" 162
"../../../Engine/Content/Functions/Engine_MaterialFunctions02/Utility/MakeFloat2.uasset" 163
"../../../Engine/Content/Functions/Engine_MaterialFunctions02/Utility/MakeFloat3.uasset" 164
"../../Plugins/Runtime/Oculus/OculusVR/Content/Materials/OculusMR_ChromaKey.uasset" 165
"../../Plugins/Runtime/Oculus/OculusVR/Content/Materials/OculusMR_ChromaKey_Lit.uasset" 166
"../../Plugins/Runtime/Oculus/OculusVR/Content/Materials/OculusMR_OpaqueColoredMaterial.uasset" 167
"../../Plugins/Runtime/Oculus/OculusVR/Content/Materials/OculusMR_WhiteMaterial.uasset" 168
"D:/CarThemHard/LevelBranch/Content/Assets/10279_Crescent_Wrench_v2_Diffuse.uasset" 169
"D:/CarThemHard/LevelBranch/Content/Assets/10279_Crescent_Wrench_v2.uasset" 170
"D:/CarThemHard/LevelBranch/Content/Assets/10279_Crescent_Wrench_v3_max2009_it1.uasset" 171
"D:/CarThemHard/LevelBranch/Content/Assets/ProperAssets/Health.uasset" 172
"D:/CarThemHard/LevelBranch/Content/Assets/Grenade_model/GrenadeColour.uasset" 173
"D:/CarThemHard/LevelBranch/Content/Assets/Grenade_model/phongE2.uasset" 174
"D:/CarThemHard/LevelBranch/Content/Assets/Grenade_model/Grenade_PhysicsAsset.uasset" 175
"D:/CarThemHard/LevelBranch/Content/Assets/Grenade_model/Grenade_Skeleton.uasset" 176
"D:/CarThemHard/LevelBranch/Content/Assets/Grenade_model/Grenade.uasset" 177
"D:/CarThemHard/LevelBranch/Content/Assets/ProperAssets/PowerUp.uasset" 178
"D:/CarThemHard/LevelBranch/Content/Assets/Grenade_model/FireExtinguisher_D.uasset" 179
"D:/CarThemHard/LevelBranch/Content/Assets/Grenade_model/FireExtinguisher_N.uasset" 180
"D:/CarThemHard/LevelBranch/Content/Assets/Grenade_model/FireExtinguisher_Mat.uasset" 181
"D:/CarThemHard/LevelBranch/Content/Assets/Grenade_model/defaultMat.uasset" 182
"D:/CarThemHard/LevelBranch/Content/Assets/Grenade_model/fire_extinguisher.uasset" 183
"D:/CarThemHard/LevelBranch/Content/Assets/ProperAssets/Turbo.uasset" 184
"D:/CarThemHard/LevelBranch/Content/Assets/Material_006.uasset" 185
"D:/CarThemHard/LevelBranch/Content/StarterContent/Textures/T_Perlin_Noise_M.uasset" 186
"D:/CarThemHard/LevelBranch/Content/StarterContent/Textures/T_Water_N.uasset" 187
"D:/CarThemHard/LevelBranch/Content/StarterContent/Materials/M_Water_Lake.uasset" 188
"D:/CarThemHard/LevelBranch/Content/StarterContent/Materials/Electric2.uasset" 189
"D:/CarThemHard/LevelBranch/Content/Assets/aiStandardSurface1SG.uasset" 190
"D:/CarThemHard/LevelBranch/Content/Assets/aiStandardSurface2SG.uasset" 191
"D:/CarThemHard/LevelBranch/Content/Assets/aiStandardSurface3SG.uasset" 192
"D:/CarThemHard/LevelBranch/Content/Assets/aiStandardSurface4SG.uasset" 193
"D:/CarThemHard/LevelBranch/Content/Assets/aiStandardSurface5SG.uasset" 194
"D:/CarThemHard/LevelBranch/Content/Assets/aiStandardSurface6SG.uasset" 195
"D:/CarThemHard/LevelBranch/Content/Assets/aiStandardSurface7SG.uasset" 196
"D:/CarThemHard/LevelBranch/Content/Assets/aiStandardSurface8SG.uasset" 197
"D:/CarThemHard/LevelBranch/Content/Assets/aiStandardSurface9SG.uasset" 198
"D:/CarThemHard/LevelBranch/Content/Assets/initialShadingGroup.uasset" 199
"D:/CarThemHard/LevelBranch/Content/Assets/scifi_cartoon_rocket_polySurface28.uasset" 200
"D:/CarThemHard/LevelBranch/Content/Assets/ProperAssets/UltraPowerUp.uasset" 201
"D:/CarThemHard/LevelBranch/Content/Car/Ambulabce_V002_Skeleton.uasset" 202
"D:/CarThemHard/LevelBranch/Content/Blueprints/CarAnimation.uasset" 203
"D:/CarThemHard/LevelBranch/Content/Blueprints/CarBacks.uasset" 204
"D:/CarThemHard/LevelBranch/Content/Blueprints/CarFronts.uasset" 205
"D:/CarThemHard/LevelBranch/Content/Car/Ambulance_color.uasset" 206
"D:/CarThemHard/LevelBranch/Content/Levels/Material__1725.uasset" 207
"D:/CarThemHard/LevelBranch/Content/Car/Tire_v1.uasset" 208
"D:/CarThemHard/LevelBranch/Content/Levels/Material__1764.uasset" 209
"D:/CarThemHard/LevelBranch/Content/Car/Ambulabce_V002_PhysicsAsset.uasset" 210
"D:/CarThemHard/LevelBranch/Content/Car/Ambulabce_V002.uasset" 211
"D:/CarThemHard/LevelBranch/Content/Blueprints/CarBlueprint.uasset" 212
"D:/CarThemHard/LevelBranch/Content/Blueprints/CarGameMode.uasset" 213
"D:/CarThemHard/LevelBranch/Content/VehicleAdvBP/Maps/VehicleAdvExampleMap_BuiltData.uasset" 214
"D:/CarThemHard/LevelBranch/Content/StarterContent/Textures/T_Brick_Cut_Stone_D.uasset" 215
"D:/CarThemHard/LevelBranch/Content/StarterContent/Textures/T_Brick_Cut_Stone_N.uasset" 216
"D:/CarThemHard/LevelBranch/Content/StarterContent/Textures/T_MacroVariation.uasset" 217
"D:/CarThemHard/LevelBranch/Content/StarterContent/Materials/M_Brick_Cut_Stone.uasset" 218
"D:/CarThemHard/LevelBranch/Content/StarterContent/Textures/T_CobbleStone_Rough_D.uasset" 219
"D:/CarThemHard/LevelBranch/Content/StarterContent/Textures/T_CobbleStone_Rough_N.uasset" 220
"D:/CarThemHard/LevelBranch/Content/StarterContent/Textures/T_Gradinet_01.uasset" 221
"D:/CarThemHard/LevelBranch/Content/StarterContent/Textures/T_Rock_Smooth_Granite_D.uasset" 222
"D:/CarThemHard/LevelBranch/Content/StarterContent/Materials/M_CobbleStone_Rough.uasset" 223
"D:/CarThemHard/LevelBranch/Content/StarterContent/Textures/T_Ground_Grass_D.uasset" 224
"D:/CarThemHard/LevelBranch/Content/StarterContent/Textures/T_Ground_Grass_N.uasset" 225
"D:/CarThemHard/LevelBranch/Content/StarterContent/Materials/M_Ground_Grass.uasset" 226
"../../../Engine/Content/Functions/Engine_MaterialFunctions02/Utility/BlendAngleCorrectedNormals.uasset" 227
"D:/CarThemHard/LevelBranch/Content/StarterContent/Textures/T_Water_M.uasset" 228
"D:/CarThemHard/LevelBranch/Content/StarterContent/Materials/M_Water_Ocean.uasset" 229
"D:/CarThemHard/LevelBranch/Content/StarterContent/Materials/Electric.uasset" 230
"../../../Engine/Content/BasicShapes/Cube.uasset" 231
"../../../Engine/Content/BasicShapes/Cylinder.uasset" 232
"../../../Engine/Content/BasicShapes/Plane.uasset" 233
"D:/CarThemHard/LevelBranch/Content/VehicleAdvBP/Maps/VehicleAdvExampleMap.umap" 234
"../../../Engine/Content/Maps/Entry_BuiltData.uasset" 235
"../../../Engine/Content/Maps/Entry.umap" 236
